<?xml version='1.0' encoding='UTF-8' ?>
<testsuite name="com.example.myapplication.ExampleInstrumentedTest" tests="1" failures="0" errors="0" skipped="0" time="2.368" timestamp="2024-12-20T07:04:13" hostname="localhost">
  <properties>
    <property name="device" value="Medium_Phone_API_35(AVD) - 15" />
    <property name="flavor" value="" />
    <property name="project" value=":app" />
  </properties>
  <testcase name="useAppContext" classname="com.example.myapplication.ExampleInstrumentedTest" time="1.123" />
</testsuite>